<?xml version="1.0" encoding="UTF-8"?>
<testng-results skipped="0" failed="0" ignored="0" total="1" passed="1">
  <reporter-output>
  </reporter-output>
  <suite name="Default suite" duration-ms="77" started-at="2021-03-21T11:50:41 MDT" finished-at="2021-03-21T11:50:41 MDT">
    <groups>
    </groups>
    <test name="Default test" duration-ms="77" started-at="2021-03-21T11:50:41 MDT" finished-at="2021-03-21T11:50:41 MDT">
      <class name="com.qa.testCases.newtest">
        <test-method status="PASS" signature="test1()[pri:0, instance:com.qa.testCases.newtest@467aecef]" name="test1" duration-ms="13" started-at="2021-03-21T11:50:41 MDT" finished-at="2021-03-21T11:50:41 MDT">
          <reporter-output>
          </reporter-output>
        </test-method> <!-- test1 -->
      </class> <!-- com.qa.testCases.newtest -->
    </test> <!-- Default test -->
  </suite> <!-- Default suite -->
</testng-results>
